Arguments: 
  /usr/local/bin/node /Users/daimms/tools/yarn-v1.13.0/bin/yarn.js add vscode-thme-generator@0.1.3

PATH: 
  /Users/daimms/.cargo/bin:/Users/daimms/tools/yarn-v1.13.0/bin:/Applications/CMake.app/Contents/bin/:/Users/daimms/tools/hub-darwin-amd64-2.7.0/bin:/Users/daimms/bin:/usr/local/bin:/usr/bin:/bin:/usr/sbin:/sbin:/Users/daimms/.cargo/bin:/Users/daimms/tools/yarn-v1.13.0/bin:/Applications/CMake.app/Contents/bin/:/Users/daimms/tools/hub-darwin-amd64-2.7.0/bin:/Users/daimms/.npm-packages/bin:/Users/daimms/bin:/Users/daimms/tools/hub-darwin-amd64-2.11.2/bin/:/Users/daimms/tools/hub-darwin-amd64-2.11.2/bin/:/Users/daimms/tools/hub-darwin-amd64-2.11.2/bin/

Yarn version: 
  1.13.0

Node version: 
  10.15.3

Platform: 
  darwin x64

Trace: 
  Error: https://registry.yarnpkg.com/vscode-thme-generator: Not found
      at Request.params.callback [as _callback] (/Users/daimms/tools/yarn-v1.13.0/lib/cli.js:66255:18)
      at Request.self.callback (/Users/daimms/tools/yarn-v1.13.0/lib/cli.js:129397:22)
      at Request.emit (events.js:189:13)
      at Request.<anonymous> (/Users/daimms/tools/yarn-v1.13.0/lib/cli.js:130369:10)
      at Request.emit (events.js:189:13)
      at IncomingMessage.<anonymous> (/Users/daimms/tools/yarn-v1.13.0/lib/cli.js:130291:12)
      at Object.onceWrapper (events.js:277:13)
      at IncomingMessage.emit (events.js:194:15)
      at endReadableNT (_stream_readable.js:1125:12)
      at process._tickCallback (internal/process/next_tick.js:63:19)

npm manifest: 
  {
    "name": "theme-sapphire",
    "displayName": "Sapphire Theme",
    "description": "Sapphire is a vibrant blue theme for Visual Studio Code",
    "version": "0.9.0",
    "publisher": "Tyriar",
    "icon": "images/icon.png",
    "license": "MIT",
    "scripts": {
      "prestart": "tsc index.ts",
      "start": "node index.js"
    },
    "bugs": {
      "url": "https://github.com/Tyriar/vscode-theme-sapphire/issues"
    },
    "homepage": "https://github.com/Tyriar/vscode-theme-sapphire",
    "repository": {
      "type": "git",
      "url": "https://github.com/Tyriar/vscode-theme-sapphire"
    },
    "engines": {
      "vscode": "^1.12.0"
    },
    "categories": [
      "Themes"
    ],
    "contributes": {
      "themes": [
        {
          "label": "Sapphire",
          "uiTheme": "vs-dark",
          "path": "./theme.json"
        },
        {
          "label": "Sapphire (Bright)",
          "uiTheme": "vs-dark",
          "path": "./theme-bright.json"
        },
        {
          "label": "Sapphire (Dim)",
          "uiTheme": "vs-dark",
          "path": "./theme-dim.json"
        }
      ]
    },
    "devDependencies": {
      "@types/node": "^7.0.10",
      "typescript": "^2.2.1",
      "vscode-theme-generator": "0.1.2"
    }
  }

yarn manifest: 
  No manifest

Lockfile: 
  # THIS IS AN AUTOGENERATED FILE. DO NOT EDIT THIS FILE DIRECTLY.
  # yarn lockfile v1
  
  
  "@types/node@^7.0.10":
    version "7.10.6"
    resolved "https://registry.yarnpkg.com/@types/node/-/node-7.10.6.tgz#c42137f0f2f6458bf0c898d65f48c5f600911475"
    integrity sha512-d0BOAicT0tEdbdVQlLGOVul1kvg6YvbaADRCThGCz5NJ0e9r00SofcR1x69hmlCyrHuB6jd4cKzL9bMLjPnpAA==
  
  typescript@^2.2.1:
    version "2.9.2"
    resolved "https://registry.yarnpkg.com/typescript/-/typescript-2.9.2.tgz#1cbf61d05d6b96269244eb6a3bce4bd914e0f00c"
    integrity sha512-Gr4p6nFNaoufRIY4NMdpQRNmgxVIGMs4Fcu/ujdYk3nAZqk7supzBE9idmvfZIlH/Cuj//dvi+019qEue9lV0w==
  
  vscode-theme-generator@0.1.2:
    version "0.1.2"
    resolved "https://registry.yarnpkg.com/vscode-theme-generator/-/vscode-theme-generator-0.1.2.tgz#5a982d9363bf8952a960f685851017df016f9eb1"
    integrity sha512-rMMjjRoIKqxmAp7I5y8zxhhpGv+g0sC0OccMfnXWYk0Mf7J7iM1RLOwyvLQoVMZZBG3rbXw6VggWcRszJNptXg==
